%!Adobe-FontList 1.13
%Locale:0x409

%BeginFont
Handler:DirectoryHandler
FontType:Type1
FontName:Aileron-Regular
FamilyName:Aileron
StyleName:Regular
MenuName:Aileron
StyleBits:0
WeightClass:400
WidthClass:5
AngleClass:0
FullName:Aileron
WritingScript:Roman
OutlineFileName:\Aileron-Regular.otf
DataFormat:sfntData
UsesStandardEncoding:yes
isCFF:yes
FileLength:27652
FileModTime:1399408506
%EndFont

%BeginFont
Handler:DirectoryHandler
FontType:Type1
FontName:Vremena
FamilyName:Vremena
StyleName:Regular
MenuName:Vremena
StyleBits:0
WeightClass:400
WidthClass:5
AngleClass:0
FullName:Vremena
WritingScript:Roman
OutlineFileName:\VremenaRegular.otf
DataFormat:sfntData
UsesStandardEncoding:yes
isCFF:yes
FileLength:109088
FileModTime:1251914970
%EndFont

