%!Adobe-FontList 1.19
%Locale:0x409

%BeginFont
Handler:DirectoryHandler
FontType:Type1
FontName:Vremena
FamilyName:Vremena
StyleName:Regular
MenuName:Vremena
StyleBits:0
WeightClass:400
WidthClass:5
AngleClass:0
FullName:Vremena
WritingScript:Roman
OutlineFileName:\VremenaRegular.otf
DataFormat:sfntData
UsesStandardEncoding:yes
isCFF:yes
hasSVG:no
VariableFontType:NonVariableFont
FileLength:109088
FileModTime:1468244743
NameArray:0,Mac,4,Vremena
NameArray:0,Win,1,Vremena
%EndFont

%BeginFont
Handler:DirectoryHandler
FontType:Type1
FontName:Aileron-Regular
FamilyName:Aileron
StyleName:Regular
MenuName:Aileron
StyleBits:0
WeightClass:400
WidthClass:5
AngleClass:0
FullName:Aileron
WritingScript:Roman
OutlineFileName:\Aileron-Regular.otf
DataFormat:sfntData
UsesStandardEncoding:yes
isCFF:yes
hasSVG:no
VariableFontType:NonVariableFont
FileLength:27652
FileModTime:1468244743
NameArray:0,Mac,4,Aileron
NameArray:0,Win,1,Aileron
%EndFont

